<?xml version="1.0" encoding="UTF-8"?>
<!-- Generated by org.testng.reporters.JUnitXMLReporter -->
<testsuite ignored="0" hostname="DESKTOP-379HBJB" failures="0" tests="24" name="Default test" time="77.197" errors="0" timestamp="2024-07-28T17:26:56 IST">
  <testcase classname="Test1.Search_and_fliter_function" name="Verify_search_function" time="1.397"/>
  <testcase classname="Test1.Search_and_fliter_function" name="Verify_enter_text_click_enteroption" time="1.252"/>
  <testcase classname="Test1.Search_and_fliter_function" name="Verify_enter_maximum_minimum_and_specialcharacter" time="2.108"/>
  <testcase classname="Test1.Search_and_fliter_function" name="Verify_get_suggestion_option" time="3.948"/>
  <testcase classname="Test1.Search_and_fliter_function" name="Verify_click_suggestion_message" time="4.815"/>
  <testcase classname="Test1.Search_and_fliter_function" name="Verify_search_text_realted_results" time="10.13"/>
  <testcase classname="Test1.Search_and_fliter_function" name="Verify_left_side_options" time="8.495"/>
  <testcase classname="Test1.Search_and_fliter_function" name="Verify_fliter_opitons" time="1.222"/>
  <testcase classname="Test1.Search_and_fliter_function" name="Verify_select_price_range_and_clearoption" time="0.464"/>
  <testcase classname="Test1.Search_and_fliter_function" name="Verify_mouseover_to_assets_check_borderhighlights" time="0.641"/>
  <testcase classname="Test1.View_assets_details_page" name="Verify_click_assets_on_homepage" time="3.087"/>
  <testcase classname="Test1.View_assets_details_page" name="Verify_get_assets_title_and_get_allcategories" time="1.213"/>
  <testcase classname="Test1.View_assets_details_page" name="Verify_get_creator_name_and_creator_mentor" time="2.108"/>
  <testcase classname="Test1.View_assets_details_page" name="Verify_get_price" time="0.056"/>
  <testcase classname="Test1.View_assets_details_page" name="Verify_click_react_option" time="0.391"/>
  <testcase classname="Test1.View_assets_details_page" name="Verify_click_sharenow_option" time="0.902"/>
  <testcase classname="Test1.View_assets_details_page" name="Verify_click_popup_canceloption_click_each_and_every_option" time="3.334"/>
  <testcase classname="Test1.View_assets_details_page" name="Verify_suggestion_assets_click_all" time="0.309"/>
  <testcase classname="Test1.View_assets_details_page" name="Verify_click_Buynow_option" time="1.512"/>
  <testcase classname="Test1.Creator_profile_page" name="Click_connect_option" time="0.698"/>
  <testcase classname="Test1.Creator_profile_page" name="Verify_click_drive_the_google_option" time="10.734"/>
  <testcase classname="Test1.Creator_profile_page" name="Verify_discord_page_enterinvalidusername_and_invalidpassword_then_geterror" time="2.609"/>
  <testcase classname="Test1.Creator_profile_page" name="Verify_click_forget_password" time="2.487"/>
  <testcase classname="Test1.Creator_profile_page" name="Verify_click_regsiter_option_and_fill_all_details" time="4.846"/>
</testsuite> <!-- Default test -->
